0 info it worked if it ends with ok
1 verbose cli [ '/usr/local/Cellar/node/0.10.13/bin/node',
1 verbose cli   '/usr/local/bin/npm',
1 verbose cli   'install',
1 verbose cli   'slime-js' ]
2 info using npm@1.3.2
3 info using node@v0.10.13
4 verbose cache add [ 'slime-js', null ]
5 verbose cache add name=undefined spec="slime-js" args=["slime-js",null]
6 verbose parsed url { protocol: null,
6 verbose parsed url   slashes: null,
6 verbose parsed url   auth: null,
6 verbose parsed url   host: null,
6 verbose parsed url   port: null,
6 verbose parsed url   hostname: null,
6 verbose parsed url   hash: null,
6 verbose parsed url   search: null,
6 verbose parsed url   query: null,
6 verbose parsed url   pathname: 'slime-js',
6 verbose parsed url   path: 'slime-js',
6 verbose parsed url   href: 'slime-js' }
7 silly lockFile 307596d8-slime-js slime-js
8 verbose lock slime-js /Users/taka/.npm/307596d8-slime-js.lock
9 silly lockFile 307596d8-slime-js slime-js
10 silly lockFile 307596d8-slime-js slime-js
11 verbose addNamed [ 'slime-js', '' ]
12 verbose addNamed [ null, '*' ]
13 silly lockFile b3e1b7a7-slime-js slime-js@
14 verbose lock slime-js@ /Users/taka/.npm/b3e1b7a7-slime-js.lock
15 silly addNameRange { name: 'slime-js', range: '*', hasData: false }
16 verbose url raw slime-js
17 verbose url resolving [ 'https://registry.npmjs.org/', './slime-js' ]
18 verbose url resolved https://registry.npmjs.org/slime-js
19 info trying registry request attempt 1 at 17:58:48
20 http GET https://registry.npmjs.org/slime-js
21 http 404 https://registry.npmjs.org/slime-js
22 silly registry.get cb [ 404,
22 silly registry.get   { server: 'CouchDB/1.3.0 (Erlang OTP/R15B03)',
22 silly registry.get     date: 'Mon, 15 Jul 2013 09:58:49 GMT',
22 silly registry.get     'content-type': 'application/json',
22 silly registry.get     'content-length': '52',
22 silly registry.get     'cache-control': 'must-revalidate' } ]
23 silly lockFile b3e1b7a7-slime-js slime-js@
24 silly lockFile b3e1b7a7-slime-js slime-js@
25 error 404 'slime-js' is not in the npm registry.
25 error 404 You should bug the author to publish it
25 error 404
25 error 404 Maybe try 'npm search slime'
25 error 404
25 error 404 Note that you can also install from a
25 error 404 tarball, folder, or http url, or git url.
26 error System Darwin 12.4.0
27 error command "/usr/local/Cellar/node/0.10.13/bin/node" "/usr/local/bin/npm" "install" "slime-js"
28 error cwd /Users/taka/.emacs.d/plugin
29 error node -v v0.10.13
30 error npm -v 1.3.2
31 error code E404
32 verbose exit [ 1, true ]
